<?xml version="1.0" encoding="UTF-8"?>
<testsuite name="C:/Users/keert/IdeaProjects/APIAutomationRestAssured"
           tests="3"
           failures="0"
           errors="0"
           skipped="0"
           time="0.010">
    <properties></properties>



            <testcase
                name="t1"
                time="0.001"
                classname="TestNG.TestNGExamples.TestNG08">
            </testcase>
            <testcase
                name="t3"
                time="0.001"
                classname="TestNG.TestNGExamples.TestNG08">
            </testcase>
            <testcase
                name="t2"
                time="0.008"
                classname="TestNG.TestNGExamples.TestNG08">
            </testcase>
</testsuite>
