<?xml version="1.0" encoding="UTF-8"?>
<testsuite name="C:/Users/keert/IdeaProjects/APIAutomationRestAssured"
           tests="2"
           failures="1"
           errors="0"
           skipped="1"
           time="1.547">
    <properties></properties>

            <testcase
                name="Token"
                time="1.547"
                classname="TestNG.RestfulBooker.TestNG07">

            <failure type="java.net.ConnectException" message="Connection refused: connect">
                <![CDATA[java.net.ConnectException: Connection refused: connect
                java.base/sun.nio.ch.Net.connect0(Native Method)java.base/sun.nio.ch.Net.connect(Net.java:589)java.base/sun.nio.ch.Net.connect(Net.java:578)java.base/sun.nio.ch.NioSocketImpl.connect(NioSocketImpl.java:583)java.base/java.net.SocksSocketImpl.connect(SocksSocketImpl.java:327)java.base/java.net.Socket.connect(Socket.java:751)org.apache.http.conn.scheme.PlainSocketFactory.connectSocket(PlainSocketFactory.java:121)org.apache.http.impl.conn.DefaultClientConnectionOperator.openConnection(DefaultClientConnectionOperator.java:180)org.apache.http.impl.conn.ManagedClientConnectionImpl.open(ManagedClientConnectionImpl.java:326)org.apache.http.impl.client.DefaultRequestDirector.tryConnect(DefaultRequestDirector.java:605)org.apache.http.impl.client.DefaultRequestDirector.execute(DefaultRequestDirector.java:440)org.apache.http.impl.client.AbstractHttpClient.doExecute(AbstractHttpClient.java:835)org.apache.http.impl.client.CloseableHttpClient.execute(CloseableHttpClient.java:83)io.restassured.internal.RestAssuredHttpBuilder.doRequest(RestAssuredHttpBuilder.java:141)io.restassured.internal.http.HTTPBuilder.post(HTTPBuilder.java:349)io.restassured.internal.http.HTTPBuilder$post$2.call(Unknown Source)org.codehaus.groovy.runtime.callsite.CallSiteArray.defaultCall(CallSiteArray.java:45)org.codehaus.groovy.runtime.callsite.AbstractCallSite.call(AbstractCallSite.java:125)org.codehaus.groovy.runtime.callsite.AbstractCallSite.call(AbstractCallSite.java:148)io.restassured.internal.RequestSpecificationImpl.sendRequest(RequestSpecificationImpl.groovy:1209)io.restassured.internal.RequestSpecificationImpl.this$2$sendRequest(RequestSpecificationImpl.groovy)java.base/jdk.internal.reflect.DirectMethodHandleAccessor.invoke(DirectMethodHandleAccessor.java:103)java.base/java.lang.reflect.Method.invoke(Method.java:580)org.codehaus.groovy.reflection.CachedMethod.invoke(CachedMethod.java:343)groovy.lang.MetaMethod.doMethodInvoke(MetaMethod.java:328)groovy.lang.MetaClassImpl.doInvokeMethod(MetaClassImpl.java:1334)groovy.lang.MetaClassImpl.invokeMethod(MetaClassImpl.java:1089)groovy.lang.MetaClassImpl.invokeMethod(MetaClassImpl.java:1008)groovy.lang.MetaClassImpl.invokeMethod(MetaClassImpl.java:791)io.restassured.internal.RequestSpecificationImpl.invokeMethod(RequestSpecificationImpl.groovy)org.codehaus.groovy.runtime.callsite.PogoInterceptableSite.call(PogoInterceptableSite.java:46)org.codehaus.groovy.runtime.callsite.CallSiteArray.defaultCall(CallSiteArray.java:45)org.codehaus.groovy.runtime.callsite.AbstractCallSite.call(AbstractCallSite.java:125)org.codehaus.groovy.runtime.callsite.AbstractCallSite.call(AbstractCallSite.java:166)io.restassured.internal.filter.SendRequestFilter.filter(SendRequestFilter.groovy:30)io.restassured.filter.Filter$filter$0.call(Unknown Source)org.codehaus.groovy.runtime.callsite.CallSiteArray.defaultCall(CallSiteArray.java:45)io.restassured.filter.Filter$filter.call(Unknown Source)io.restassured.internal.filter.FilterContextImpl.next(FilterContextImpl.groovy:72)io.restassured.filter.time.TimingFilter.filter(TimingFilter.java:56)io.restassured.filter.Filter$filter.call(Unknown Source)org.codehaus.groovy.runtime.callsite.CallSiteArray.defaultCall(CallSiteArray.java:45)io.restassured.filter.Filter$filter$0.call(Unknown Source)io.restassured.internal.filter.FilterContextImpl.next(FilterContextImpl.groovy:72)io.restassured.filter.FilterContext$next.call(Unknown Source)org.codehaus.groovy.runtime.callsite.CallSiteArray.defaultCall(CallSiteArray.java:45)org.codehaus.groovy.runtime.callsite.AbstractCallSite.call(AbstractCallSite.java:125)org.codehaus.groovy.runtime.callsite.AbstractCallSite.call(AbstractCallSite.java:148)io.restassured.internal.filter.CsrfFilter.filter(CsrfFilter.groovy:70)io.restassured.filter.Filter$filter$0.call(Unknown Source)org.codehaus.groovy.runtime.callsite.CallSiteArray.defaultCall(CallSiteArray.java:45)io.restassured.filter.Filter$filter.call(Unknown Source)io.restassured.internal.filter.FilterContextImpl.next(FilterContextImpl.groovy:72)io.restassured.filter.log.RequestLoggingFilter.filter(RequestLoggingFilter.java:148)io.restassured.filter.Filter$filter.call(Unknown Source)org.codehaus.groovy.runtime.callsite.CallSiteArray.defaultCall(CallSiteArray.java:45)org.codehaus.groovy.runtime.callsite.AbstractCallSite.call(AbstractCallSite.java:125)org.codehaus.groovy.runtime.callsite.AbstractCallSite.call(AbstractCallSite.java:157)io.restassured.internal.filter.FilterContextImpl.next(FilterContextImpl.groovy:72)io.restassured.filter.FilterContext$next.call(Unknown Source)org.codehaus.groovy.runtime.callsite.CallSiteArray.defaultCall(CallSiteArray.java:45)org.codehaus.groovy.runtime.callsite.AbstractCallSite.call(AbstractCallSite.java:125)org.codehaus.groovy.runtime.callsite.AbstractCallSite.call(AbstractCallSite.java:148)io.restassured.internal.RequestSpecificationImpl.applyPathParamsAndSendRequest(RequestSpecificationImpl.groovy:1704)io.restassured.internal.RequestSpecificationImpl.this$2$applyPathParamsAndSendRequest(RequestSpecificationImpl.groovy)java.base/jdk.internal.reflect.DirectMethodHandleAccessor.invoke(DirectMethodHandleAccessor.java:103)java.base/java.lang.reflect.Method.invoke(Method.java:580)org.codehaus.groovy.reflection.CachedMethod.invoke(CachedMethod.java:343)groovy.lang.MetaMethod.doMethodInvoke(MetaMethod.java:328)groovy.lang.MetaClassImpl.doInvokeMethod(MetaClassImpl.java:1334)groovy.lang.MetaClassImpl.invokeMethod(MetaClassImpl.java:1089)groovy.lang.MetaClassImpl.invokeMethod(MetaClassImpl.java:1008)groovy.lang.MetaClassImpl.invokeMethod(MetaClassImpl.java:791)io.restassured.internal.RequestSpecificationImpl.invokeMethod(RequestSpecificationImpl.groovy)org.codehaus.groovy.runtime.callsite.PogoInterceptableSite.call(PogoInterceptableSite.java:46)org.codehaus.groovy.runtime.callsite.PogoInterceptableSite.callCurrent(PogoInterceptableSite.java:57)org.codehaus.groovy.runtime.callsite.CallSiteArray.defaultCallCurrent(CallSiteArray.java:49)org.codehaus.groovy.runtime.callsite.AbstractCallSite.callCurrent(AbstractCallSite.java:171)org.codehaus.groovy.runtime.callsite.AbstractCallSite.callCurrent(AbstractCallSite.java:203)io.restassured.internal.RequestSpecificationImpl.applyPathParamsAndSendRequest(RequestSpecificationImpl.groovy:1710)io.restassured.internal.RequestSpecificationImpl.this$2$applyPathParamsAndSendRequest(RequestSpecificationImpl.groovy)java.base/jdk.internal.reflect.DirectMethodHandleAccessor.invoke(DirectMethodHandleAccessor.java:103)java.base/java.lang.reflect.Method.invoke(Method.java:580)org.codehaus.groovy.reflection.CachedMethod.invoke(CachedMethod.java:343)groovy.lang.MetaMethod.doMethodInvoke(MetaMethod.java:328)groovy.lang.MetaClassImpl.doInvokeMethod(MetaClassImpl.java:1334)groovy.lang.MetaClassImpl.invokeMethod(MetaClassImpl.java:1089)groovy.lang.MetaClassImpl.invokeMethod(MetaClassImpl.java:1008)groovy.lang.MetaClassImpl.invokeMethod(MetaClassImpl.java:791)io.restassured.internal.RequestSpecificationImpl.invokeMethod(RequestSpecificationImpl.groovy)org.codehaus.groovy.runtime.callsite.PogoInterceptableSite.call(PogoInterceptableSite.java:46)org.codehaus.groovy.runtime.callsite.PogoInterceptableSite.callCurrent(PogoInterceptableSite.java:57)org.codehaus.groovy.runtime.callsite.CallSiteArray.defaultCallCurrent(CallSiteArray.java:49)org.codehaus.groovy.runtime.callsite.AbstractCallSite.callCurrent(AbstractCallSite.java:171)org.codehaus.groovy.runtime.callsite.AbstractCallSite.callCurrent(AbstractCallSite.java:203)io.restassured.internal.RequestSpecificationImpl.post(RequestSpecificationImpl.groovy:176)io.restassured.internal.RequestSpecificationImpl.post(RequestSpecificationImpl.groovy)java.base/jdk.internal.reflect.DirectMethodHandleAccessor.invoke(DirectMethodHandleAccessor.java:103)java.base/java.lang.reflect.Method.invoke(Method.java:580)org.codehaus.groovy.reflection.CachedMethod.invoke(CachedMethod.java:343)groovy.lang.MetaMethod.doMethodInvoke(MetaMethod.java:328)groovy.lang.MetaClassImpl.doInvokeMethod(MetaClassImpl.java:1334)groovy.lang.MetaClassImpl.invokeMethod(MetaClassImpl.java:1089)groovy.lang.MetaClassImpl.invokeMethod(MetaClassImpl.java:1008)groovy.lang.MetaClassImpl.invokeMethod(MetaClassImpl.java:791)io.restassured.internal.RequestSpecificationImpl.invokeMethod(RequestSpecificationImpl.groovy)org.codehaus.groovy.runtime.callsite.PogoInterceptableSite.call(PogoInterceptableSite.java:46)org.codehaus.groovy.runtime.callsite.PogoInterceptableSite.callCurrent(PogoInterceptableSite.java:57)org.codehaus.groovy.runtime.callsite.CallSiteArray.defaultCallCurrent(CallSiteArray.java:49)org.codehaus.groovy.runtime.callsite.AbstractCallSite.callCurrent(AbstractCallSite.java:171)org.codehaus.groovy.runtime.callsite.AbstractCallSite.callCurrent(AbstractCallSite.java:185)io.restassured.internal.RequestSpecificationImpl.post(RequestSpecificationImpl.groovy:260)io.restassured.internal.RequestSpecificationImpl.post(RequestSpecificationImpl.groovy)TestNG.RestfulBooker.TestNG07.Token(TestNG07.java:39)java.base/jdk.internal.reflect.DirectMethodHandleAccessor.invoke(DirectMethodHandleAccessor.java:103)java.base/java.lang.reflect.Method.invoke(Method.java:580)org.testng.internal.invokers.MethodInvocationHelper.invokeMethod(MethodInvocationHelper.java:139)org.testng.internal.invokers.MethodInvocationHelper.invokeMethodConsideringTimeout(MethodInvocationHelper.java:69)org.testng.internal.invokers.ConfigInvoker.invokeConfigurationMethod(ConfigInvoker.java:393)org.testng.internal.invokers.ConfigInvoker.invokeConfigurations(ConfigInvoker.java:326)org.testng.TestRunner.invokeTestConfigurations(TestRunner.java:661)org.testng.TestRunner.beforeRun(TestRunner.java:650)org.testng.TestRunner.run(TestRunner.java:612)org.testng.SuiteRunner.runTest(SuiteRunner.java:443)org.testng.SuiteRunner.runSequentially(SuiteRunner.java:437)org.testng.SuiteRunner.privateRun(SuiteRunner.java:397)org.testng.SuiteRunner.run(SuiteRunner.java:336)org.testng.SuiteRunnerWorker.runSuite(SuiteRunnerWorker.java:52)org.testng.SuiteRunnerWorker.run(SuiteRunnerWorker.java:95)org.testng.TestNG.runSuitesSequentially(TestNG.java:1301)org.testng.TestNG.runSuitesLocally(TestNG.java:1228)org.testng.TestNG.runSuites(TestNG.java:1134)org.testng.TestNG.run(TestNG.java:1101)com.intellij.rt.testng.IDEARemoteTestNG.run(IDEARemoteTestNG.java:65)com.intellij.rt.testng.RemoteTestNGStarter.main(RemoteTestNGStarter.java:105)
]]>
            </failure>
    </testcase>

            <testcase
                name="partialupdate"
                time="0.0"
                classname="TestNG.RestfulBooker.TestNG07">
            </testcase>

</testsuite>
