<?xml version="1.0" encoding="UTF-8"?>
<testsuite name="APIAutomationRestAssured"
           tests="3"
           failures="0"
           errors="0"
           skipped="0"
           time="0.004">
    <properties></properties>



            <testcase
                name="loginTEst"
                time="0.000"
                classname="TestNG.TestNGExamples.TestNG10">
            </testcase>
            <testcase
                name="loginTEst"
                time="0.001"
                classname="TestNG.TestNGExamples.TestNG10">
            </testcase>
            <testcase
                name="loginTEst"
                time="0.003"
                classname="TestNG.TestNGExamples.TestNG10">
            </testcase>
</testsuite>
